<?xml version="1.0" encoding="utf-8"?><testsuites><testsuite name="pytest" errors="0" failures="0" skipped="0" tests="78" time="11.965" timestamp="2021-11-14T17:16:48.201506" hostname="cgdm-dine"><testcase classname="tests.test_core" name="test__set_zoo_biomass" time="0.003" /><testcase classname="tests.test_core" name="test__set_zoo_mortality" time="0.001" /><testcase classname="tests.test_core" name="test__set_zoo_mortality_wrong_shape" time="0.001" /><testcase classname="tests.test_core" name="test__set_fish_biomass" time="0.003" /><testcase classname="tests.test_core" name="test_set_benthic_biomass" time="0.004" /><testcase classname="tests.test_core" name="test_set_biomass_wrong_shape" time="0.002" /><testcase classname="tests.test_core" name="test_gcm_state_update" time="0.002" /><testcase classname="tests.test_docs" name="test_add_to_path" time="0.003" /><testcase classname="tests.test_driver" name="test_gen_domain" time="0.002" /><testcase classname="tests.test_driver" name="test_forcing_cyclic" time="0.057" /><testcase classname="tests.test_driver" name="test_not_implemented" time="0.298" /><testcase classname="tests.test_driver" name="test_read_settings" time="0.237" /><testcase classname="tests.test_driver" name="test_simulate_testcase_init_1" time="0.397" /><testcase classname="tests.test_driver" name="test_simulate_testcase_init_2" time="0.301" /><testcase classname="tests.test_driver" name="test_simulate_testcase_run" time="1.523" /><testcase classname="tests.test_fish_instance" name="test_fish_init" time="0.003" /><testcase classname="tests.test_fish_instance" name="test_fish_init_duplicate_fish" time="0.090" /><testcase classname="tests.test_fish_instance" name="test_fish_defaults" time="0.044" /><testcase classname="tests.test_fish_instance" name="test_fish_bad_harvest_selectivity" time="0.087" /><testcase classname="tests.test_fish_instance" name="test_fish_bad_energy_frac_somatic_growth" time="0.087" /><testcase classname="tests.test_fish_instance" name="test_fish_init_uncoupled" time="0.087" /><testcase classname="tests.test_fish_instance" name="test_fish_apply_pref" time="0.001" /><testcase classname="tests.test_fish_instance" name="test_is_demersal" time="0.002" /><testcase classname="tests.test_food_web" name="test_food_web_init_1" time="0.008" /><testcase classname="tests.test_food_web" name="test_food_web_init_2" time="0.001" /><testcase classname="tests.test_food_web" name="test_food_web_init_3" time="0.011" /><testcase classname="tests.test_food_web" name="test_missing_fish" time="0.099" /><testcase classname="tests.test_food_web" name="test_nonfish_predator" time="0.093" /><testcase classname="tests.test_food_web" name="test_pred_ndx_prey_filt" time="0.004" /><testcase classname="tests.test_food_web" name="test_duplicated_link_fails" time="0.098" /><testcase classname="tests.test_food_web" name="test_get_prey_biomass" time="0.367" /><testcase classname="tests.test_food_web" name="test_get_prey_biomass_dne" time="0.001" /><testcase classname="tests.test_food_web" name="test_get_consumption_bad_args" time="0.003" /><testcase classname="tests.test_food_web" name="test_get_consumption_none_existent_predprey" time="0.002" /><testcase classname="tests.test_food_web" name="test_get_consumption" time="0.156" /><testcase classname="tests.test_food_web" name="test_compute_feeding_1" time="0.156" /><testcase classname="tests.test_food_web" name="test_rescale_zoo_consumption" time="0.056" /><testcase classname="tests.test_init" name="test_reproduction_routing" time="0.003" /><testcase classname="tests.test_init" name="test_reproduction_routing_bad_is_larval" time="0.095" /><testcase classname="tests.test_init" name="test_domain_values" time="0.002" /><testcase classname="tests.test_init" name="test_domain_bad_bathymetry" time="0.044" /><testcase classname="tests.test_init" name="test_ecosystem_init" time="0.001" /><testcase classname="tests.test_init" name="test_ecosystem_size_class_bounds" time="0.001" /><testcase classname="tests.test_init" name="test_func_type_init" time="0.001" /><testcase classname="tests.test_init" name="test_bad_func_type_fails" time="0.089" /><testcase classname="tests.test_init" name="test_bad_mortality_type_fails" time="0.090" /><testcase classname="tests.test_init" name="test_bad_pelagic_demersal_coupling_types_fails" time="0.085" /><testcase classname="tests.test_init" name="test_bad_pelagic_functional_types_fails" time="0.087" /><testcase classname="tests.test_init" name="test_bad_functional_types_apply_pref" time="0.087" /><testcase classname="tests.test_init" name="test_bad_demersal_functional_types_fails" time="0.085" /><testcase classname="tests.test_init" name="test_bad_size_class_fail" time="0.089" /><testcase classname="tests.test_init" name="test_duplicated_pelagic_demersal_type_keys" time="0.085" /><testcase classname="tests.test_init" name="test_zoo_init" time="0.001" /><testcase classname="tests.test_init" name="test_zoo_mortality_not_offline" time="0.280" /><testcase classname="tests.test_init" name="test_biomass_init" time="0.003" /><testcase classname="tests.test_init" name="test_biomass_init_values" time="0.001" /><testcase classname="tests.test_init" name="test_biomass_bad_shape_benthic_prey" time="0.054" /><testcase classname="tests.test_init" name="test_biomass_bad_shape_fish" time="0.053" /><testcase classname="tests.test_init" name="test_duplicate_names_across_groups" time="0.090" /><testcase classname="tests.test_init" name="test_gcm_state" time="0.001" /><testcase classname="tests.test_init" name="test_fishing" time="0.002" /><testcase classname="tests.test_init" name="test_init_tendency_arrays" time="0.004" /><testcase classname="tests.test_process" name="test_t_weighted_mean_temp[10.0-1.0-1.0-10.0]" time="0.001" /><testcase classname="tests.test_process" name="test_t_weighted_mean_temp[10.0-1.0-0.5-5.5]" time="0.001" /><testcase classname="tests.test_process" name="test_t_weighted_mean_temp[10.0-1.0-0.0-1.0]" time="0.001" /><testcase classname="tests.test_process" name="test_t_frac_pelagic" time="0.027" /><testcase classname="tests.test_process" name="test_update_benthic_prey" time="0.007" /><testcase classname="tests.test_process" name="test_compute_metabolism" time="0.058" /><testcase classname="tests.test_process" name="test_compute_ingestion" time="0.029" /><testcase classname="tests.test_process" name="test_compute_predation" time="0.054" /><testcase classname="tests.test_process" name="test_compute_mortality" time="2.350" /><testcase classname="tests.test_process" name="test_compute_nu" time="0.015" /><testcase classname="tests.test_process" name="test_compute_gamma" time="0.077" /><testcase classname="tests.test_process" name="test_compute_reproduction" time="0.013" /><testcase classname="tests.test_process" name="test_compute_recruitment" time="0.015" /><testcase classname="tests.test_process" name="test_compute_total_tendency" time="0.061" /><testcase classname="tests.test_process" name="test_compute_fish_catch" time="0.008" /><testcase classname="tests.test_process" name="test_compute_tendencies" time="0.360" /></testsuite></testsuites>
