<?xml version="1.0" encoding="utf-8"?><testsuites><testsuite name="pytest" errors="4" failures="0" skipped="0" tests="4" time="2.670" timestamp="2021-11-11T11:01:45.623790" hostname="cgdm-dine"><testcase classname="" name="tests.test_core" time="0.000"><error message="collection failure">ImportError while importing test module '/Users/mclong/codes/feisty/tests/test_core.py'.
Hint: make sure your test modules/packages have valid Python names.
Traceback:
../../miniconda3/envs/dev-feisty/lib/python3.9/importlib/__init__.py:127: in import_module
    return _bootstrap._gcd_import(name[level:], package, level)
tests/test_core.py:5: in &lt;module&gt;
    import feisty.settings as settings
E   ModuleNotFoundError: No module named 'feisty.settings'</error></testcase><testcase classname="" name="tests.test_food_web" time="0.000"><error message="collection failure">ImportError while importing test module '/Users/mclong/codes/feisty/tests/test_food_web.py'.
Hint: make sure your test modules/packages have valid Python names.
Traceback:
../../miniconda3/envs/dev-feisty/lib/python3.9/importlib/__init__.py:127: in import_module
    return _bootstrap._gcd_import(name[level:], package, level)
tests/test_food_web.py:7: in &lt;module&gt;
    import feisty.feeding as feeding
E   ModuleNotFoundError: No module named 'feisty.feeding'</error></testcase><testcase classname="" name="tests.test_init" time="0.000"><error message="collection failure">ImportError while importing test module '/Users/mclong/codes/feisty/tests/test_init.py'.
Hint: make sure your test modules/packages have valid Python names.
Traceback:
../../miniconda3/envs/dev-feisty/lib/python3.9/importlib/__init__.py:127: in import_module
    return _bootstrap._gcd_import(name[level:], package, level)
tests/test_init.py:6: in &lt;module&gt;
    import feisty.domain as domain
E   ModuleNotFoundError: No module named 'feisty.domain'</error></testcase><testcase classname="" name="tests.test_process" time="0.000"><error message="collection failure">ImportError while importing test module '/Users/mclong/codes/feisty/tests/test_process.py'.
Hint: make sure your test modules/packages have valid Python names.
Traceback:
../../miniconda3/envs/dev-feisty/lib/python3.9/importlib/__init__.py:127: in import_module
    return _bootstrap._gcd_import(name[level:], package, level)
tests/test_process.py:6: in &lt;module&gt;
    import feisty.fish_mod as fish_mod
E   ModuleNotFoundError: No module named 'feisty.fish_mod'</error></testcase></testsuite></testsuites>
